
=== Tue Mar 31 15:30:36 2020

Packages were changed.
Update Mode: updateDependencies

The following packages were updated:
  com.unity.ide.rider from version 1.1.0 to 1.1.4
  com.unity.ide.vscode from version 1.1.2 to 1.1.4
  com.unity.test-framework from version 1.0.13 to 1.1.11
  com.unity.timeline from version 1.1.0 to 1.2.6
The following packages were removed:
  com.unity.package-manager-ui@2.2.0

<<<<<<< HEAD
=== Thu Apr 30 23:19:41 2020
=======
=== Mon Apr 27 11:35:27 2020
>>>>>>> master

Packages were changed.
Update Mode: updateDependencies

The following packages were added:
  com.unity.ide.visualstudio@2.0.0
The following packages were updated:
<<<<<<< HEAD
=======
  com.unity.2d.animation from version 3.1.1 to 4.2.1
  com.unity.2d.psdimporter from version 2.1.3 to 3.1.3
  com.unity.2d.spriteshape from version 3.0.10 to 4.0.3
>>>>>>> master
  com.unity.collab-proxy from version 1.2.16 to 1.3.7
  com.unity.ide.rider from version 1.1.4 to 1.2.1
  com.unity.test-framework from version 1.1.11 to 1.1.13
  com.unity.textmeshpro from version 2.0.1 to 3.0.0-preview.1
<<<<<<< HEAD
=======

=== Mon Apr 27 11:37:52 2020

Packages were changed.
Update Mode: resetToDefaultDependencies

The following packages were updated:
  com.unity.timeline from version 1.2.6 to 1.3.1
The following packages were removed:
  com.unity.2d.animation@4.2.1
  com.unity.2d.psdimporter@3.1.3
  com.unity.2d.sprite@1.0.0
  com.unity.2d.spriteshape@4.0.3
  com.unity.2d.tilemap@1.0.0
  com.unity.ext.nunit@1.0.0
>>>>>>> master

=== Sat Aug  1 16:12:25 2020

Packages were changed.
Update Mode: updateDependencies

The following packages were updated:
  com.unity.2d.spriteshape from version 4.0.3 to 4.1.2
  com.unity.collab-proxy from version 1.3.7 to 1.3.8
  com.unity.ide.visualstudio from version 2.0.0 to 2.0.2
  com.unity.ide.vscode from version 1.2.0 to 1.2.1
  com.unity.test-framework from version 1.1.13 to 1.1.14
